2026-03-31 00:38:38.952052 - Estado cambiado: ON
2026-03-31 00:38:38.953062 - Encendiendo bot...
2026-03-31 01:19:57.718363 - Estado cambiado: ON
2026-03-31 01:19:57.734076 - Encendiendo bot...
2026-03-31 01:22:47.812903 - Estado cambiado: OFF
2026-03-31 07:36:32.075196 - Estado cambiado: OFF
2026-03-31 11:21:21.814735 - Estado cambiado: ON
2026-03-31 11:21:21.814735 - Encendiendo bot...
2026-03-31 11:27:29.286985 - Estado cambiado: ON
2026-03-31 11:27:29.304238 - Estado leído: ON
2026-03-31 11:27:29.324403 - Encendiendo bot...
2026-03-31 11:27:44.462369 - Estado leído: ON
2026-03-31 11:27:49.492176 - Estado leído: ON
2026-03-31 11:27:54.506007 - Estado leído: ON
2026-03-31 11:27:59.525998 - Estado leído: ON
2026-03-31 11:28:04.554041 - Estado leído: ON
2026-03-31 11:28:09.569134 - Estado leído: ON
2026-03-31 11:28:14.580481 - Estado leído: ON
2026-03-31 11:28:19.591489 - Estado leído: ON
2026-03-31 11:28:24.602549 - Estado leído: ON
2026-03-31 11:28:29.612778 - Estado leído: ON
2026-03-31 11:28:34.623816 - Estado leído: ON
2026-03-31 11:28:39.633333 - Estado leído: ON
2026-03-31 11:28:44.643550 - Estado leído: ON
2026-03-31 11:28:49.655152 - Estado leído: ON
2026-03-31 11:28:54.664794 - Estado leído: ON
2026-03-31 11:28:59.676395 - Estado leído: ON
2026-03-31 11:29:04.690669 - Estado leído: ON
2026-03-31 11:29:09.703326 - Estado leído: ON
2026-03-31 11:29:14.718713 - Estado leído: ON
2026-03-31 11:29:19.729218 - Estado leído: ON
2026-03-31 11:29:24.738993 - Estado leído: ON
2026-03-31 11:29:29.750571 - Estado leído: ON
2026-03-31 11:29:34.760955 - Estado leído: ON
2026-03-31 11:29:39.772065 - Estado leído: ON
2026-03-31 11:29:44.782182 - Estado leído: ON
2026-03-31 11:29:49.797477 - Estado leído: ON
2026-03-31 11:29:54.809596 - Estado leído: ON
2026-03-31 11:29:59.821836 - Estado leído: ON
2026-03-31 11:30:04.833133 - Estado leído: ON
2026-03-31 11:30:09.851204 - Estado leído: ON
2026-03-31 11:30:14.864188 - Estado leído: ON
2026-03-31 11:30:19.880077 - Estado leído: ON
2026-03-31 11:30:24.900425 - Estado leído: ON
2026-03-31 11:30:29.913418 - Estado leído: ON
2026-03-31 11:30:34.938600 - Estado cambiado: OFF
2026-03-31 11:30:34.940255 - Estado leído: OFF
2026-03-31 11:30:39.941530 - Estado leído: OFF
2026-03-31 11:30:44.942141 - Estado leído: OFF
2026-03-31 11:30:49.944508 - Estado leído: OFF
2026-03-31 11:30:54.945725 - Estado leído: OFF
2026-03-31 11:30:59.947405 - Estado leído: OFF
2026-03-31 11:31:04.948275 - Estado leído: OFF
2026-03-31 11:31:09.949510 - Estado leído: OFF
2026-03-31 11:31:14.951378 - Estado leído: OFF
2026-03-31 11:31:19.953495 - Estado leído: OFF
2026-03-31 11:31:24.954971 - Estado leído: OFF
2026-03-31 11:31:29.955618 - Estado leído: OFF
2026-03-31 11:31:34.957994 - Estado leído: OFF
2026-03-31 11:31:39.958741 - Estado leído: OFF
2026-03-31 11:31:44.960887 - Estado leído: OFF
2026-03-31 11:31:49.961689 - Estado leído: OFF
2026-03-31 11:31:54.962684 - Estado leído: OFF
2026-03-31 11:31:59.964178 - Estado leído: OFF
2026-03-31 11:32:04.968004 - Estado leído: OFF
2026-03-31 11:32:09.969173 - Estado leído: OFF
2026-03-31 11:32:14.970516 - Estado leído: OFF
2026-03-31 11:32:19.975538 - Estado leído: OFF
2026-03-31 11:32:24.978280 - Estado leído: OFF
2026-03-31 11:32:29.979379 - Estado leído: OFF
2026-03-31 11:32:34.982232 - Estado leído: OFF
2026-03-31 11:32:39.983707 - Estado leído: OFF
2026-03-31 11:32:44.985093 - Estado leído: OFF
2026-03-31 11:32:49.986438 - Estado leído: OFF
2026-03-31 11:32:54.988377 - Estado leído: OFF
2026-03-31 11:32:59.989213 - Estado leído: OFF
2026-03-31 11:33:04.991388 - Estado leído: OFF
2026-03-31 11:33:09.992691 - Estado leído: OFF
2026-03-31 11:33:14.993448 - Estado leído: OFF
2026-03-31 11:33:19.994938 - Estado leído: OFF
2026-03-31 11:33:24.996578 - Estado leído: OFF
2026-03-31 11:33:29.998222 - Estado leído: OFF
2026-03-31 11:33:35.000277 - Estado leído: OFF
2026-03-31 11:33:40.001708 - Estado leído: OFF
2026-03-31 11:33:45.002443 - Estado leído: OFF
2026-03-31 11:33:50.004361 - Estado leído: OFF
2026-03-31 11:33:55.005953 - Estado leído: OFF
2026-03-31 11:34:00.007196 - Estado leído: OFF
2026-03-31 11:34:05.008334 - Estado leído: OFF
2026-03-31 11:34:10.010601 - Estado leído: OFF
2026-03-31 11:34:15.011175 - Estado leído: OFF
2026-03-31 11:34:20.012685 - Estado leído: OFF
2026-03-31 11:34:25.014957 - Estado leído: OFF
2026-03-31 11:34:30.016568 - Estado leído: OFF
2026-03-31 11:34:35.017896 - Estado leído: OFF
2026-03-31 11:34:40.019551 - Estado leído: OFF
2026-03-31 11:34:45.021639 - Estado leído: OFF
2026-03-31 11:34:50.022176 - Estado leído: OFF
2026-03-31 11:34:55.023362 - Estado leído: OFF
2026-03-31 11:35:00.024666 - Estado leído: OFF
2026-03-31 11:35:05.026061 - Estado leído: OFF
2026-03-31 11:35:10.027415 - Estado leído: OFF
2026-03-31 11:35:15.028962 - Estado leído: OFF
2026-03-31 11:35:20.030390 - Estado leído: OFF
2026-03-31 11:35:25.031296 - Estado leído: OFF
2026-03-31 11:35:30.032924 - Estado leído: OFF
2026-03-31 11:35:35.034231 - Estado leído: OFF
2026-03-31 11:35:40.035508 - Estado leído: OFF
2026-03-31 11:35:45.036522 - Estado leído: OFF
2026-03-31 11:35:50.038694 - Estado leído: OFF
2026-03-31 11:35:55.040049 - Estado leído: OFF
2026-03-31 11:36:00.041373 - Estado leído: OFF
2026-03-31 11:36:05.042029 - Estado leído: OFF
2026-03-31 11:36:10.043695 - Estado leído: OFF
2026-03-31 11:36:15.045184 - Estado leído: OFF
2026-03-31 11:36:20.047077 - Estado leído: OFF
2026-03-31 11:36:25.049278 - Estado leído: OFF
2026-03-31 11:36:30.050722 - Estado leído: OFF
2026-03-31 11:36:35.051411 - Estado leído: OFF
2026-03-31 11:36:40.053819 - Estado leído: OFF
2026-03-31 11:36:45.054889 - Estado leído: OFF
2026-03-31 11:36:50.056748 - Estado leído: OFF
2026-03-31 11:36:55.058278 - Estado leído: OFF
2026-03-31 11:37:00.059077 - Estado leído: OFF
2026-03-31 11:37:05.060693 - Estado leído: OFF
2026-03-31 11:37:10.061564 - Estado leído: OFF
2026-03-31 11:37:15.062858 - Estado leído: OFF
2026-03-31 11:37:20.064150 - Estado leído: OFF
2026-03-31 11:37:25.065166 - Estado leído: OFF
2026-03-31 11:37:30.067515 - Estado leído: OFF
2026-03-31 11:37:35.068066 - Estado leído: OFF
2026-03-31 11:37:40.069279 - Estado leído: OFF
2026-03-31 11:37:45.071318 - Estado leído: OFF
2026-03-31 11:37:50.072274 - Estado leído: OFF
2026-03-31 11:37:55.073231 - Estado leído: OFF
2026-03-31 11:38:00.074614 - Estado leído: OFF
2026-03-31 11:38:05.077392 - Estado leído: OFF
2026-03-31 11:38:10.079042 - Estado leído: OFF
2026-03-31 11:38:15.081368 - Estado leído: OFF
2026-03-31 11:38:20.082477 - Estado leído: OFF
2026-03-31 11:38:25.084031 - Estado leído: OFF
2026-03-31 11:38:30.085194 - Estado leído: OFF
2026-03-31 11:38:35.087502 - Estado leído: OFF
2026-03-31 11:38:40.088004 - Estado leído: OFF
2026-03-31 11:38:45.089003 - Estado leído: OFF
2026-03-31 11:38:50.090937 - Estado leído: OFF
2026-03-31 11:38:55.091684 - Estado leído: OFF
2026-03-31 11:39:00.093244 - Estado leído: OFF
2026-03-31 11:39:05.094310 - Estado leído: OFF
2026-03-31 11:39:10.096111 - Estado leído: OFF
2026-03-31 11:39:15.096873 - Estado leído: OFF
2026-03-31 11:39:20.098703 - Estado leído: OFF
2026-03-31 11:39:25.100586 - Estado leído: OFF
2026-03-31 11:39:30.101586 - Estado leído: OFF
2026-03-31 11:39:35.103399 - Estado leído: OFF
2026-03-31 11:39:40.105501 - Estado leído: OFF
2026-03-31 11:39:45.107815 - Estado leído: OFF
2026-03-31 11:39:50.109133 - Estado leído: OFF
2026-03-31 11:39:55.109739 - Estado leído: OFF
2026-03-31 11:40:00.110906 - Estado leído: OFF
2026-03-31 11:40:05.112314 - Estado leído: OFF
2026-03-31 11:40:10.114295 - Estado leído: OFF
2026-03-31 11:40:15.115568 - Estado leído: OFF
2026-03-31 11:40:20.116890 - Estado leído: OFF
2026-03-31 11:40:25.118593 - Estado leído: OFF
2026-03-31 11:40:30.118994 - Estado leído: OFF
2026-03-31 11:40:35.119919 - Estado leído: OFF
2026-03-31 11:40:40.122237 - Estado leído: OFF
2026-03-31 11:40:45.122898 - Estado leído: OFF
2026-03-31 11:40:50.123994 - Estado leído: OFF
2026-03-31 11:40:55.125406 - Estado leído: OFF
2026-03-31 11:41:00.126765 - Estado leído: OFF
2026-03-31 11:41:05.128438 - Estado leído: OFF
2026-03-31 11:41:10.129954 - Estado leído: OFF
2026-03-31 11:41:15.131165 - Estado leído: OFF
2026-03-31 11:41:20.132669 - Estado leído: OFF
2026-03-31 11:41:25.134121 - Estado leído: OFF
2026-03-31 11:41:30.136334 - Estado leído: OFF
2026-03-31 11:41:35.137852 - Estado leído: OFF
2026-03-31 11:41:40.138837 - Estado leído: OFF
2026-03-31 11:41:45.141362 - Estado leído: OFF
2026-03-31 11:41:50.142843 - Estado leído: OFF
2026-03-31 11:41:55.165430 - Estado leído: OFF
2026-03-31 11:42:00.166908 - Estado leído: OFF
2026-03-31 11:42:05.168410 - Estado leído: OFF
2026-03-31 11:42:10.170357 - Estado leído: OFF
2026-03-31 11:42:15.172816 - Estado leído: OFF
2026-03-31 11:42:20.173473 - Estado leído: OFF
2026-03-31 11:42:25.176799 - Estado leído: OFF
2026-03-31 11:42:30.178108 - Estado leído: OFF
2026-03-31 11:42:35.180401 - Estado leído: OFF
2026-03-31 11:42:40.181743 - Estado leído: OFF
2026-03-31 11:42:45.184128 - Estado leído: OFF
2026-03-31 11:42:50.184779 - Estado leído: OFF
2026-03-31 11:42:55.186944 - Estado leído: OFF
2026-03-31 11:43:00.187391 - Estado leído: OFF
2026-03-31 11:43:05.188817 - Estado leído: OFF
2026-03-31 11:43:10.190997 - Estado leído: OFF
2026-03-31 11:43:15.192134 - Estado leído: OFF
2026-03-31 11:43:20.193793 - Estado leído: OFF
2026-03-31 11:43:25.195224 - Estado leído: OFF
2026-03-31 11:43:30.196836 - Estado leído: OFF
2026-03-31 11:43:35.198350 - Estado leído: OFF
2026-03-31 11:43:40.199966 - Estado leído: OFF
2026-03-31 11:43:45.200773 - Estado leído: OFF
2026-03-31 11:43:50.202044 - Estado leído: OFF
2026-03-31 11:43:55.204596 - Estado leído: OFF
2026-03-31 11:44:00.222843 - Estado leído: OFF
2026-03-31 11:44:05.224188 - Estado leído: OFF
2026-03-31 11:44:10.225872 - Estado leído: OFF
2026-03-31 11:44:15.228561 - Estado leído: OFF
2026-03-31 11:44:20.228898 - Estado leído: OFF
2026-03-31 11:44:25.231910 - Estado leído: OFF
2026-03-31 11:44:30.234668 - Estado leído: OFF
2026-03-31 11:44:35.235612 - Estado leído: OFF
2026-03-31 11:44:40.237901 - Estado leído: OFF
2026-03-31 11:44:45.238871 - Estado leído: OFF
2026-03-31 11:44:50.239803 - Estado leído: OFF
2026-03-31 11:44:55.241389 - Estado leído: OFF
2026-03-31 11:45:00.242624 - Estado leído: OFF
2026-03-31 11:45:05.244953 - Estado leído: OFF
2026-03-31 11:45:10.246452 - Estado leído: OFF
2026-03-31 11:45:15.248194 - Estado leído: OFF
2026-03-31 11:45:20.249290 - Estado leído: OFF
2026-03-31 11:45:25.250571 - Estado leído: OFF
2026-03-31 11:45:30.251835 - Estado leído: OFF
2026-03-31 11:45:35.253703 - Estado leído: OFF
2026-03-31 11:45:40.255365 - Estado leído: OFF
2026-03-31 11:45:45.256332 - Estado leído: OFF
2026-03-31 11:45:50.257571 - Estado leído: OFF
2026-03-31 11:45:55.258838 - Estado leído: OFF
2026-03-31 11:46:00.260661 - Estado leído: OFF
2026-03-31 11:46:05.262538 - Estado cambiado: ON
2026-03-31 11:46:05.262538 - Estado leído: ON
2026-03-31 11:46:05.276003 - Encendiendo bot...
2026-03-31 11:46:20.338757 - Estado leído: ON
2026-03-31 11:46:25.341412 - Estado leído: ON
2026-03-31 11:46:30.343881 - Estado leído: ON
2026-03-31 11:46:35.344907 - Estado leído: ON
2026-03-31 11:46:40.346422 - Estado leído: ON
2026-03-31 11:46:45.348239 - Estado leído: ON
2026-03-31 11:46:50.349929 - Estado leído: ON
2026-03-31 11:46:55.351827 - Estado leído: ON
2026-03-31 11:47:00.353571 - Estado leído: ON
2026-03-31 11:47:05.354978 - Estado leído: ON
2026-03-31 11:47:10.357002 - Estado leído: ON
2026-03-31 11:47:15.358748 - Estado leído: ON
2026-03-31 11:47:20.360635 - Estado leído: ON
2026-03-31 11:47:25.362530 - Estado leído: ON
2026-03-31 11:47:30.364012 - Estado leído: ON
2026-03-31 11:47:35.365652 - Estado leído: ON
2026-03-31 11:47:40.367443 - Estado leído: ON
2026-03-31 11:47:45.369733 - Estado leído: ON
2026-03-31 11:47:50.371211 - Estado leído: ON
2026-03-31 11:47:55.372881 - Estado leído: ON
2026-03-31 11:48:00.374381 - Estado leído: ON
2026-03-31 11:48:05.375962 - Estado leído: ON
2026-03-31 11:48:10.378149 - Estado leído: ON
2026-03-31 11:48:15.379992 - Estado leído: ON
2026-03-31 11:48:20.387220 - Estado leído: ON
2026-03-31 11:48:25.409121 - Estado leído: ON
2026-03-31 11:48:30.410837 - Estado leído: ON
2026-03-31 11:48:35.413469 - Estado leído: ON
2026-03-31 11:48:40.414439 - Estado leído: ON
2026-03-31 11:48:45.415962 - Estado leído: ON
2026-03-31 11:48:50.418544 - Estado leído: ON
2026-03-31 11:48:55.420369 - Estado leído: ON
2026-03-31 11:49:00.421665 - Estado leído: ON
2026-03-31 11:49:05.423141 - Estado leído: ON
2026-03-31 11:49:10.425530 - Estado leído: ON
2026-03-31 11:49:15.426637 - Estado leído: ON
2026-03-31 11:49:20.428589 - Estado leído: ON
2026-03-31 11:49:25.430839 - Estado leído: ON
2026-03-31 11:49:30.432084 - Estado leído: ON
2026-03-31 11:49:35.433968 - Estado leído: ON
2026-03-31 11:49:40.435045 - Estado leído: ON
2026-03-31 11:49:45.436896 - Estado leído: ON
2026-03-31 11:49:50.439633 - Estado leído: ON
2026-03-31 11:49:55.440919 - Estado leído: ON
2026-03-31 11:50:00.443246 - Estado leído: ON
2026-03-31 11:50:05.444634 - Estado leído: ON
2026-03-31 11:50:10.447294 - Estado leído: ON
2026-03-31 11:50:15.449303 - Estado leído: ON
2026-03-31 11:50:20.451027 - Estado leído: ON
2026-03-31 11:50:25.453169 - Estado leído: ON
2026-03-31 11:50:30.454986 - Estado leído: ON
2026-03-31 11:50:35.457160 - Estado leído: ON
2026-03-31 11:50:40.459006 - Estado leído: ON
2026-03-31 11:50:45.461860 - Estado leído: ON
2026-03-31 11:50:50.465320 - Estado leído: ON
2026-03-31 11:50:55.468783 - Estado leído: ON
2026-03-31 11:51:00.470186 - Estado leído: ON
2026-03-31 11:51:05.473032 - Estado leído: ON
2026-03-31 11:51:10.475189 - Estado leído: ON
2026-03-31 11:51:15.477605 - Estado leído: ON
2026-03-31 11:51:20.479301 - Estado leído: ON
2026-03-31 11:51:25.482362 - Estado leído: ON
2026-03-31 11:51:30.483473 - Estado leído: ON
2026-03-31 11:51:35.486253 - Estado leído: ON
2026-03-31 11:51:40.488131 - Estado leído: ON
2026-03-31 11:51:45.490321 - Estado leído: ON
2026-03-31 11:51:50.492094 - Estado leído: ON
2026-03-31 11:51:55.493791 - Estado leído: ON
2026-03-31 11:52:00.496293 - Estado leído: ON
2026-03-31 11:52:05.497896 - Estado leído: ON
2026-03-31 11:52:10.499256 - Estado leído: ON
2026-03-31 11:52:15.501326 - Estado leído: ON
2026-03-31 11:52:20.502452 - Estado leído: ON
2026-03-31 11:52:25.504683 - Estado leído: ON
2026-03-31 11:52:30.506039 - Estado leído: ON
2026-03-31 11:52:35.508286 - Estado leído: ON
2026-03-31 11:52:40.509692 - Estado leído: ON
2026-03-31 11:52:45.511935 - Estado leído: ON
2026-03-31 11:52:50.513072 - Estado leído: ON
2026-03-31 11:52:55.514728 - Estado leído: ON
2026-03-31 11:53:00.518284 - Estado leído: ON
2026-03-31 11:53:05.518899 - Estado leído: ON
2026-03-31 11:53:10.521080 - Estado leído: ON
2026-03-31 11:53:15.521939 - Estado leído: ON
2026-03-31 11:53:20.524920 - Estado leído: ON
2026-03-31 11:53:25.527066 - Estado leído: ON
2026-03-31 11:53:30.528631 - Estado leído: ON
2026-03-31 11:53:35.530288 - Estado leído: ON
2026-03-31 11:53:40.532094 - Estado leído: ON
2026-03-31 11:53:45.534100 - Estado leído: ON
2026-03-31 11:53:50.535986 - Estado leído: ON
2026-03-31 11:53:55.537687 - Estado leído: ON
2026-03-31 11:54:00.540786 - Estado leído: ON
2026-03-31 11:54:05.543103 - Estado leído: ON
2026-03-31 11:54:10.544651 - Estado leído: ON
2026-03-31 11:54:15.545946 - Estado leído: ON
2026-03-31 11:54:20.547921 - Estado leído: ON
2026-03-31 11:54:25.549516 - Estado leído: ON
2026-03-31 11:54:30.555493 - Estado leído: ON
2026-03-31 11:54:35.557691 - Estado leído: ON
2026-03-31 11:54:40.559139 - Estado leído: ON
2026-03-31 11:54:45.560573 - Estado leído: ON
2026-03-31 11:54:50.562131 - Estado leído: ON
2026-03-31 11:54:55.564378 - Estado leído: ON
2026-03-31 11:55:00.566286 - Estado leído: ON
2026-03-31 11:55:05.568127 - Estado leído: ON
2026-03-31 11:55:10.571138 - Estado leído: ON
2026-03-31 11:55:15.573007 - Estado leído: ON
2026-03-31 11:55:20.579927 - Estado leído: ON
2026-03-31 11:55:25.584531 - Estado leído: ON
2026-03-31 11:55:30.589028 - Estado leído: ON
2026-03-31 11:55:35.593962 - Estado leído: ON
2026-03-31 11:55:40.595530 - Estado leído: ON
2026-03-31 11:55:45.597361 - Estado leído: ON
2026-03-31 11:55:50.598839 - Estado leído: ON
2026-03-31 11:55:55.600832 - Estado leído: ON
2026-03-31 11:56:00.603337 - Estado leído: ON
2026-03-31 11:56:05.604128 - Estado leído: ON
2026-03-31 11:56:10.606141 - Estado leído: ON
2026-03-31 11:56:15.608452 - Estado leído: ON
2026-03-31 11:56:20.610069 - Estado leído: ON
2026-03-31 11:56:25.612432 - Estado leído: ON
2026-03-31 11:56:30.614420 - Estado leído: ON
2026-03-31 11:56:35.616517 - Estado leído: ON
2026-03-31 11:56:40.617966 - Estado leído: ON
2026-03-31 11:56:45.619475 - Estado leído: ON
2026-03-31 11:56:50.621093 - Estado leído: ON
2026-03-31 11:56:55.622988 - Estado leído: ON
2026-03-31 11:57:00.625223 - Estado leído: ON
2026-03-31 11:57:05.626234 - Estado leído: ON
2026-03-31 11:57:10.628261 - Estado leído: ON
2026-03-31 11:57:15.629991 - Estado leído: ON
2026-03-31 11:57:20.631771 - Estado leído: ON
2026-03-31 11:57:25.634340 - Estado leído: ON
2026-03-31 11:57:30.636049 - Estado leído: ON
2026-03-31 11:57:35.637713 - Estado leído: ON
2026-03-31 11:57:40.639358 - Estado leído: ON
2026-03-31 11:57:45.641306 - Estado leído: ON
2026-03-31 11:57:50.642422 - Estado leído: ON
2026-03-31 11:57:55.645284 - Estado leído: ON
2026-03-31 11:58:00.646405 - Estado leído: ON
2026-03-31 11:58:05.648703 - Estado leído: ON
2026-03-31 11:58:10.650319 - Estado leído: ON
2026-03-31 11:58:15.653316 - Estado leído: ON
2026-03-31 11:58:20.655303 - Estado leído: ON
2026-03-31 11:58:25.656564 - Estado leído: ON
2026-03-31 11:58:30.659737 - Estado leído: ON
2026-03-31 11:58:35.660569 - Estado leído: ON
2026-03-31 11:58:40.662742 - Estado leído: ON
2026-03-31 11:58:45.663712 - Estado leído: ON
2026-03-31 11:58:50.666804 - Estado leído: ON
2026-03-31 11:58:55.668755 - Estado leído: ON
2026-03-31 11:59:00.669755 - Estado leído: ON
2026-03-31 11:59:05.671761 - Estado leído: ON
2026-03-31 11:59:10.673874 - Estado leído: ON
2026-03-31 11:59:15.675504 - Estado leído: ON
2026-03-31 11:59:20.676340 - Estado leído: ON
2026-03-31 11:59:25.678492 - Estado leído: ON
2026-03-31 11:59:30.680131 - Estado leído: ON
2026-03-31 11:59:35.682619 - Estado leído: ON
2026-03-31 11:59:40.684097 - Estado leído: ON
2026-03-31 11:59:45.685287 - Estado leído: ON
2026-03-31 11:59:50.687267 - Estado leído: ON
2026-03-31 11:59:55.688917 - Estado leído: ON
2026-03-31 12:00:00.690224 - Estado leído: ON
2026-03-31 12:00:05.692379 - Estado leído: ON
2026-03-31 12:00:10.695498 - Estado leído: ON
2026-03-31 12:00:15.696682 - Estado leído: ON
2026-03-31 12:00:20.698851 - Estado leído: ON
2026-03-31 12:00:25.699848 - Estado leído: ON
2026-03-31 12:00:30.702049 - Estado leído: ON
2026-03-31 12:00:35.708118 - Estado leído: ON
2026-03-31 12:00:40.709644 - Estado leído: ON
2026-03-31 12:00:45.711637 - Estado leído: ON
2026-03-31 12:00:50.713178 - Estado leído: ON
2026-03-31 12:00:55.714771 - Estado leído: ON
2026-03-31 12:01:00.716272 - Estado leído: ON
2026-03-31 12:01:05.717760 - Estado leído: ON
2026-03-31 12:01:10.719587 - Estado leído: ON
2026-03-31 12:01:15.721204 - Estado leído: ON
2026-03-31 12:01:20.723563 - Estado leído: ON
2026-03-31 12:01:25.724607 - Estado leído: ON
2026-03-31 12:01:30.726974 - Estado leído: ON
2026-03-31 12:01:35.728722 - Estado leído: ON
2026-03-31 12:01:40.730376 - Estado leído: ON
2026-03-31 12:01:45.732403 - Estado leído: ON
2026-03-31 12:01:50.733829 - Estado leído: ON
2026-03-31 12:01:55.736024 - Estado leído: ON
2026-03-31 12:02:00.738325 - Estado leído: ON
2026-03-31 12:02:05.739644 - Estado leído: ON
2026-03-31 12:02:10.742231 - Estado leído: ON
2026-03-31 12:02:15.743596 - Estado leído: ON
2026-03-31 12:02:20.745149 - Estado leído: ON
2026-03-31 12:02:25.746868 - Estado leído: ON
2026-03-31 12:02:30.748893 - Estado leído: ON
2026-03-31 12:02:35.750430 - Estado leído: ON
2026-03-31 12:02:40.751600 - Estado leído: ON
2026-03-31 12:02:45.753789 - Estado leído: ON
2026-03-31 12:02:50.755425 - Estado leído: ON
2026-03-31 12:02:55.759782 - Estado leído: ON
2026-03-31 12:03:00.761393 - Estado leído: ON
2026-03-31 12:03:05.763372 - Estado leído: ON
2026-03-31 12:03:10.764274 - Estado leído: ON
2026-03-31 12:03:15.765932 - Estado leído: ON
2026-03-31 12:03:20.767396 - Estado leído: ON
2026-03-31 12:03:25.768751 - Estado leído: ON
2026-03-31 12:03:30.770198 - Estado leído: ON
2026-03-31 12:03:35.772433 - Estado leído: ON
2026-03-31 12:03:40.774158 - Estado leído: ON
2026-03-31 12:03:45.775610 - Estado leído: ON
2026-03-31 12:03:50.778122 - Estado leído: ON
2026-03-31 12:03:55.779950 - Estado leído: ON
2026-03-31 12:04:00.781903 - Estado leído: ON
2026-03-31 12:04:05.783376 - Estado leído: ON
2026-03-31 12:04:10.784979 - Estado leído: ON
2026-03-31 12:04:15.786453 - Estado leído: ON
2026-03-31 12:04:20.789052 - Estado leído: ON
2026-03-31 12:04:25.791133 - Estado leído: ON
2026-03-31 12:04:30.793397 - Estado leído: ON
2026-03-31 12:04:35.794909 - Estado leído: ON
2026-03-31 12:04:40.796331 - Estado leído: ON
2026-03-31 12:04:45.797823 - Estado leído: ON
2026-03-31 12:04:50.799904 - Estado leído: ON
2026-03-31 12:04:55.801755 - Estado leído: ON
2026-03-31 12:05:00.803396 - Estado leído: ON
2026-03-31 12:05:05.805253 - Estado leído: ON
2026-03-31 12:05:10.807196 - Estado leído: ON
2026-03-31 12:05:15.808557 - Estado leído: ON
2026-03-31 12:05:20.810687 - Estado leído: ON
2026-03-31 12:05:25.812741 - Estado leído: ON
2026-03-31 12:05:30.813913 - Estado leído: ON
2026-03-31 12:05:35.816085 - Estado leído: ON
2026-03-31 12:05:40.817232 - Estado leído: ON
2026-03-31 12:05:45.819270 - Estado leído: ON
2026-03-31 12:05:50.820790 - Estado leído: ON
2026-03-31 12:05:55.822841 - Estado leído: ON
2026-03-31 12:06:00.825218 - Estado leído: ON
2026-03-31 12:06:05.827008 - Estado leído: ON
2026-03-31 12:06:10.828606 - Estado leído: ON
2026-03-31 12:06:15.829947 - Estado leído: ON
2026-03-31 12:06:20.831465 - Estado leído: ON
2026-03-31 12:06:25.833815 - Estado leído: ON
2026-03-31 12:06:30.835324 - Estado leído: ON
2026-03-31 12:06:35.838238 - Estado leído: ON
2026-03-31 12:06:40.839388 - Estado leído: ON
2026-03-31 12:06:45.841104 - Estado leído: ON
2026-03-31 12:06:50.843638 - Estado leído: ON
2026-03-31 12:06:55.845256 - Estado leído: ON
2026-03-31 12:07:00.846951 - Estado leído: ON
2026-03-31 12:07:05.848633 - Estado leído: ON
2026-03-31 12:07:10.850399 - Estado leído: ON
2026-03-31 12:07:15.852262 - Estado leído: ON
2026-03-31 12:07:20.854377 - Estado leído: ON
2026-03-31 12:07:25.856152 - Estado leído: ON
2026-03-31 12:07:30.857948 - Estado leído: ON
2026-03-31 12:07:35.860697 - Estado leído: ON
2026-03-31 12:07:40.861933 - Estado leído: ON
2026-03-31 12:07:45.863909 - Estado leído: ON
2026-03-31 12:07:50.865336 - Estado leído: ON
2026-03-31 12:07:55.867909 - Estado leído: ON
2026-03-31 12:08:00.869240 - Estado leído: ON
2026-03-31 12:08:05.874939 - Estado leído: ON
2026-03-31 12:08:10.879399 - Estado leído: ON
2026-03-31 12:08:15.882156 - Estado leído: ON
2026-03-31 12:08:20.883726 - Estado leído: ON
2026-03-31 12:08:25.885850 - Estado leído: ON
2026-03-31 12:08:30.888103 - Estado leído: ON
2026-03-31 12:08:35.889835 - Estado leído: ON
2026-03-31 12:08:40.891279 - Estado leído: ON
2026-03-31 12:08:45.893073 - Estado leído: ON
2026-03-31 12:08:50.895948 - Estado leído: ON
2026-03-31 12:08:55.898708 - Estado leído: ON
2026-03-31 12:09:00.900844 - Estado leído: ON
2026-03-31 12:09:05.903186 - Estado leído: ON
2026-03-31 12:09:10.904712 - Estado leído: ON
2026-03-31 12:09:15.907764 - Estado leído: ON
2026-03-31 12:09:20.908964 - Estado leído: ON
2026-03-31 12:09:25.911389 - Estado leído: ON
2026-03-31 12:09:30.913240 - Estado leído: ON
2026-03-31 12:09:35.915068 - Estado leído: ON
2026-03-31 12:09:40.917103 - Estado leído: ON
2026-03-31 12:09:45.919032 - Estado leído: ON
2026-03-31 12:09:50.919942 - Estado leído: ON
2026-03-31 12:09:55.922330 - Estado leído: ON
2026-03-31 12:10:00.923564 - Estado leído: ON
2026-03-31 12:10:05.926117 - Estado leído: ON
2026-03-31 12:10:10.928732 - Estado leído: ON
2026-03-31 12:10:15.930916 - Estado leído: ON
2026-03-31 12:10:20.932505 - Estado leído: ON
2026-03-31 12:10:25.934390 - Estado leído: ON
2026-03-31 12:10:30.935926 - Estado leído: ON
2026-03-31 12:10:35.937858 - Estado leído: ON
2026-03-31 12:10:40.939818 - Estado leído: ON
2026-03-31 12:10:45.941370 - Estado leído: ON
2026-03-31 12:10:50.943386 - Estado leído: ON
2026-03-31 12:10:55.945317 - Estado leído: ON
2026-03-31 12:11:00.948048 - Estado leído: ON
2026-03-31 12:11:05.949054 - Estado leído: ON
2026-03-31 12:11:10.952186 - Estado leído: ON
2026-03-31 12:11:15.959516 - Estado leído: ON
2026-03-31 12:11:20.966844 - Estado leído: ON
2026-03-31 12:11:25.968217 - Estado leído: ON
2026-03-31 12:11:30.971388 - Estado leído: ON
2026-03-31 12:11:35.972887 - Estado leído: ON
2026-03-31 12:11:40.974413 - Estado leído: ON
2026-03-31 12:11:45.975829 - Estado leído: ON
2026-03-31 12:11:50.978090 - Estado leído: ON
2026-03-31 12:11:55.980811 - Estado leído: ON
2026-03-31 12:12:00.985081 - Estado leído: ON
2026-03-31 12:12:05.990624 - Estado leído: ON
2026-03-31 12:12:10.992432 - Estado leído: ON
2026-03-31 12:12:15.994327 - Estado leído: ON
2026-03-31 12:12:20.996143 - Estado leído: ON
2026-03-31 12:12:25.997879 - Estado leído: ON
2026-03-31 12:12:30.999414 - Estado leído: ON
2026-03-31 12:12:36.002436 - Estado leído: ON
2026-03-31 12:12:41.003918 - Estado leído: ON
2026-03-31 12:12:46.006297 - Estado leído: ON
2026-03-31 12:12:51.007568 - Estado leído: ON
2026-03-31 12:12:56.009584 - Estado leído: ON
2026-03-31 12:13:01.011291 - Estado leído: ON
2026-03-31 12:13:06.014166 - Estado leído: ON
2026-03-31 12:13:11.015274 - Estado leído: ON
2026-03-31 12:13:16.017208 - Estado leído: ON
2026-03-31 12:13:21.022728 - Estado leído: ON
2026-03-31 12:13:26.026761 - Estado leído: ON
2026-03-31 12:13:31.029237 - Estado leído: ON
2026-03-31 12:13:36.031925 - Estado leído: ON
2026-03-31 12:13:41.032869 - Estado leído: ON
2026-03-31 12:13:46.034379 - Estado leído: ON
2026-03-31 12:13:51.036846 - Estado leído: ON
2026-03-31 12:13:56.038860 - Estado leído: ON
2026-03-31 12:14:01.040335 - Estado leído: ON
2026-03-31 12:14:06.042744 - Estado leído: ON
2026-03-31 12:14:11.044544 - Estado leído: ON
2026-03-31 12:14:16.046905 - Estado leído: ON
2026-03-31 12:14:21.048397 - Estado leído: ON
2026-03-31 12:14:26.049945 - Estado leído: ON
2026-03-31 12:14:31.051615 - Estado leído: ON
2026-03-31 12:14:36.053889 - Estado leído: ON
2026-03-31 12:14:41.054936 - Estado leído: ON
2026-03-31 12:14:46.056768 - Estado leído: ON
2026-03-31 12:14:51.058440 - Estado leído: ON
2026-03-31 12:14:56.060249 - Estado leído: ON
2026-03-31 12:15:01.062080 - Estado leído: ON
2026-03-31 12:15:06.064110 - Estado leído: ON
2026-03-31 12:15:11.066767 - Estado leído: ON
2026-03-31 12:15:16.068309 - Estado leído: ON
2026-03-31 12:15:21.070661 - Estado leído: ON
2026-03-31 12:15:26.072049 - Estado leído: ON
2026-03-31 12:15:31.072952 - Estado leído: ON
2026-03-31 12:15:36.075147 - Estado leído: ON
2026-03-31 12:15:41.077884 - Estado leído: ON
2026-03-31 12:15:46.079017 - Estado leído: ON
2026-03-31 12:15:51.080642 - Estado leído: ON
2026-03-31 12:15:56.083531 - Estado leído: ON
2026-03-31 12:16:01.084874 - Estado leído: ON
2026-03-31 12:16:06.086984 - Estado leído: ON
2026-03-31 12:16:11.090235 - Estado leído: ON
2026-03-31 12:16:16.091977 - Estado leído: ON
2026-03-31 12:16:21.094260 - Estado leído: ON
2026-03-31 12:16:26.095818 - Estado leído: ON
2026-03-31 12:16:31.098266 - Estado leído: ON
2026-03-31 12:16:36.100422 - Estado leído: ON
2026-03-31 12:16:41.102353 - Estado leído: ON
2026-03-31 12:16:46.103436 - Estado leído: ON
2026-03-31 12:16:51.105300 - Estado leído: ON
2026-03-31 12:16:56.107141 - Estado leído: ON
2026-03-31 12:17:01.108954 - Estado leído: ON
2026-03-31 12:17:06.111368 - Estado leído: ON
2026-03-31 12:17:11.112643 - Estado leído: ON
2026-03-31 12:17:16.114372 - Estado leído: ON
2026-03-31 12:17:21.116198 - Estado leído: ON
2026-03-31 12:17:26.117254 - Estado leído: ON
2026-03-31 12:17:31.118988 - Estado leído: ON
2026-03-31 12:17:36.120994 - Estado leído: ON
2026-03-31 12:17:41.122428 - Estado leído: ON
2026-03-31 12:17:46.123976 - Estado leído: ON
2026-03-31 12:17:51.125987 - Estado leído: ON
2026-03-31 12:17:56.127812 - Estado leído: ON
2026-03-31 12:18:01.129441 - Estado leído: ON
2026-03-31 12:18:06.132194 - Estado leído: ON
2026-03-31 12:18:11.134226 - Estado leído: ON
2026-03-31 12:18:16.135897 - Estado leído: ON
2026-03-31 12:18:21.137742 - Estado leído: ON
2026-03-31 12:18:26.139960 - Estado leído: ON
2026-03-31 12:18:31.141234 - Estado leído: ON
2026-03-31 12:18:36.143270 - Estado leído: ON
2026-03-31 12:18:41.144941 - Estado leído: ON
2026-03-31 12:18:46.145955 - Estado leído: ON
2026-03-31 12:18:51.147675 - Estado leído: ON
2026-03-31 12:18:56.149338 - Estado leído: ON
2026-03-31 12:19:01.150962 - Estado leído: ON
2026-03-31 12:19:06.153307 - Estado leído: ON
2026-03-31 12:19:11.154347 - Estado leído: ON
2026-03-31 12:19:16.156053 - Estado leído: ON
2026-03-31 12:19:21.158644 - Estado leído: ON
2026-03-31 12:19:26.160080 - Estado leído: ON
2026-03-31 12:19:31.162395 - Estado leído: ON
2026-03-31 12:19:36.163701 - Estado leído: ON
2026-03-31 12:19:41.165921 - Estado leído: ON
2026-03-31 12:19:46.167440 - Estado leído: ON
2026-03-31 12:19:51.168966 - Estado leído: ON
2026-03-31 12:19:56.170984 - Estado leído: ON
2026-03-31 12:20:01.172010 - Estado leído: ON
2026-03-31 12:20:06.174912 - Estado leído: ON
2026-03-31 12:20:11.176835 - Estado leído: ON
2026-03-31 12:20:16.178530 - Estado leído: ON
2026-03-31 12:20:21.180383 - Estado leído: ON
2026-03-31 12:20:26.182539 - Estado leído: ON
2026-03-31 12:20:31.184320 - Estado leído: ON
2026-03-31 12:20:36.186840 - Estado leído: ON
2026-03-31 12:20:41.189124 - Estado leído: ON
2026-03-31 12:20:46.189856 - Estado leído: ON
2026-03-31 12:20:51.191624 - Estado leído: ON
2026-03-31 12:20:56.193756 - Estado leído: ON
2026-03-31 12:21:01.196172 - Estado leído: ON
2026-03-31 12:21:06.197926 - Estado leído: ON
2026-03-31 12:21:11.199314 - Estado leído: ON
2026-03-31 12:21:16.201546 - Estado leído: ON
2026-03-31 12:21:21.203147 - Estado leído: ON
2026-03-31 12:21:26.204011 - Estado leído: ON
2026-03-31 12:21:31.206198 - Estado leído: ON
2026-03-31 12:21:36.207680 - Estado leído: ON
2026-03-31 12:21:41.209468 - Estado leído: ON
2026-03-31 12:21:46.211076 - Estado leído: ON
2026-03-31 12:21:51.212562 - Estado leído: ON
2026-03-31 12:21:56.214127 - Estado leído: ON
2026-03-31 12:22:01.216831 - Estado leído: ON
2026-03-31 12:22:06.218188 - Estado leído: ON
2026-03-31 12:22:11.220431 - Estado leído: ON
2026-03-31 12:22:16.222148 - Estado leído: ON
2026-03-31 12:22:21.223826 - Estado leído: ON
2026-03-31 12:22:26.226058 - Estado leído: ON
2026-03-31 12:22:31.227422 - Estado leído: ON
2026-03-31 12:22:36.229167 - Estado leído: ON
2026-03-31 12:22:41.230450 - Estado leído: ON
2026-03-31 12:22:46.232020 - Estado leído: ON
2026-03-31 12:22:51.233713 - Estado leído: ON
2026-03-31 12:22:56.235963 - Estado leído: ON
2026-03-31 12:23:01.236883 - Estado leído: ON
2026-03-31 12:23:06.238388 - Estado leído: ON
2026-03-31 12:23:11.240448 - Estado leído: ON
2026-03-31 12:23:16.243371 - Estado leído: ON
2026-03-31 12:23:21.245583 - Estado leído: ON
2026-03-31 12:23:26.247328 - Estado leído: ON
2026-03-31 12:23:31.248427 - Estado leído: ON
2026-03-31 12:23:36.250614 - Estado leído: ON
2026-03-31 12:23:41.252615 - Estado leído: ON
2026-03-31 12:23:46.254081 - Estado leído: ON
2026-03-31 12:23:51.255960 - Estado leído: ON
2026-03-31 12:23:56.257724 - Estado leído: ON
2026-03-31 12:24:01.259442 - Estado leído: ON
2026-03-31 12:24:06.261253 - Estado leído: ON
2026-03-31 12:24:11.263642 - Estado leído: ON
2026-03-31 12:24:16.266055 - Estado leído: ON
2026-03-31 12:24:21.267189 - Estado leído: ON
2026-03-31 12:24:26.270711 - Estado leído: ON
2026-03-31 12:24:31.271944 - Estado leído: ON
2026-03-31 12:24:36.274750 - Estado leído: ON
2026-03-31 12:24:41.276315 - Estado leído: ON
2026-03-31 12:24:46.278307 - Estado leído: ON
2026-03-31 12:24:51.279582 - Estado leído: ON
2026-03-31 12:24:56.281866 - Estado leído: ON
2026-03-31 12:25:01.283638 - Estado leído: ON
2026-03-31 12:25:06.286045 - Estado leído: ON
2026-03-31 12:25:11.287239 - Estado leído: ON
2026-03-31 12:25:16.289030 - Estado leído: ON
2026-03-31 12:25:21.290548 - Estado leído: ON
2026-03-31 12:25:26.292411 - Estado leído: ON
2026-03-31 12:25:31.293687 - Estado leído: ON
2026-03-31 12:25:36.295245 - Estado leído: ON
2026-03-31 12:25:41.297115 - Estado leído: ON
2026-03-31 12:25:46.299066 - Estado leído: ON
2026-03-31 12:25:51.300514 - Estado leído: ON
2026-03-31 12:25:56.303031 - Estado leído: ON
2026-03-31 12:26:01.305333 - Estado leído: ON
2026-03-31 12:26:06.306951 - Estado leído: ON
2026-03-31 12:26:11.308305 - Estado leído: ON
2026-03-31 12:26:16.310273 - Estado leído: ON
2026-03-31 12:26:21.312156 - Estado leído: ON
2026-03-31 12:26:26.314369 - Estado leído: ON
2026-03-31 12:26:31.315867 - Estado leído: ON
2026-03-31 12:26:36.317728 - Estado leído: ON
2026-03-31 12:26:41.319859 - Estado leído: ON
2026-03-31 12:26:46.321438 - Estado leído: ON
2026-03-31 12:26:51.323392 - Estado leído: ON
2026-03-31 12:26:56.325254 - Estado leído: ON
2026-03-31 12:27:01.326914 - Estado leído: ON
2026-03-31 12:27:06.328573 - Estado leído: ON
2026-03-31 12:27:11.329928 - Estado leído: ON
2026-03-31 12:27:16.332747 - Estado leído: ON
2026-03-31 12:27:21.334152 - Estado leído: ON
2026-03-31 12:27:26.336009 - Estado leído: ON
2026-03-31 12:27:31.337915 - Estado leído: ON
2026-03-31 12:27:36.340059 - Estado leído: ON
2026-03-31 12:27:41.341014 - Estado leído: ON
2026-03-31 12:27:46.342697 - Estado leído: ON
2026-03-31 12:27:51.344150 - Estado leído: ON
2026-03-31 12:27:56.346158 - Estado leído: ON
2026-03-31 12:28:01.348356 - Estado leído: ON
2026-03-31 12:28:06.350277 - Estado leído: ON
2026-03-31 12:28:11.352560 - Estado leído: ON
2026-03-31 12:28:16.354375 - Estado leído: ON
2026-03-31 12:28:21.355347 - Estado leído: ON
2026-03-31 12:28:26.357027 - Estado leído: ON
2026-03-31 12:28:31.358800 - Estado leído: ON
2026-03-31 12:28:36.360687 - Estado leído: ON
2026-03-31 12:28:41.362525 - Estado leído: ON
2026-03-31 12:28:46.364162 - Estado leído: ON
2026-03-31 12:28:51.367039 - Estado leído: ON
2026-03-31 12:28:56.368665 - Estado leído: ON
2026-03-31 12:29:01.370681 - Estado leído: ON
2026-03-31 12:29:06.372841 - Estado leído: ON
2026-03-31 12:29:11.374599 - Estado leído: ON
2026-03-31 12:29:16.376437 - Estado leído: ON
2026-03-31 12:29:21.377841 - Estado leído: ON
2026-03-31 12:29:26.379878 - Estado leído: ON
2026-03-31 12:29:31.381292 - Estado leído: ON
2026-03-31 12:29:36.384522 - Estado leído: ON
2026-03-31 12:29:41.385838 - Estado leído: ON
2026-03-31 12:29:46.390008 - Estado leído: ON
2026-03-31 12:29:51.394590 - Estado leído: ON
2026-03-31 12:29:56.396309 - Estado leído: ON
2026-03-31 12:30:01.397749 - Estado leído: ON
2026-03-31 12:30:06.400641 - Estado leído: ON
2026-03-31 12:30:11.401871 - Estado leído: ON
2026-03-31 12:30:16.404520 - Estado leído: ON
2026-03-31 12:30:21.406536 - Estado leído: ON
2026-03-31 12:30:26.407543 - Estado leído: ON
2026-03-31 12:30:31.410150 - Estado leído: ON
2026-03-31 12:30:36.412319 - Estado leído: ON
2026-03-31 12:30:41.413839 - Estado leído: ON
2026-03-31 12:30:46.415989 - Estado leído: ON
2026-03-31 12:30:51.417489 - Estado leído: ON
2026-03-31 12:30:56.419422 - Estado leído: ON
2026-03-31 12:31:01.421458 - Estado leído: ON
2026-03-31 12:31:06.422558 - Estado leído: ON
2026-03-31 12:31:11.424870 - Estado leído: ON
2026-03-31 12:31:16.426639 - Estado leído: ON
2026-03-31 12:31:21.428825 - Estado leído: ON
2026-03-31 12:31:26.431507 - Estado leído: ON
2026-03-31 12:31:31.435524 - Estado leído: ON
2026-03-31 12:31:36.436493 - Estado leído: ON
2026-03-31 12:31:41.438663 - Estado leído: ON
2026-03-31 12:31:46.443144 - Estado leído: ON
2026-03-31 12:31:51.447352 - Estado leído: ON
2026-03-31 12:31:56.448374 - Estado leído: ON
2026-03-31 12:32:01.449975 - Estado leído: ON
2026-03-31 12:32:06.452451 - Estado leído: ON
2026-03-31 12:32:11.454305 - Estado leído: ON
2026-03-31 12:32:16.455666 - Estado leído: ON
2026-03-31 12:32:21.457157 - Estado leído: ON
2026-03-31 12:32:26.459443 - Estado leído: ON
2026-03-31 12:32:31.462082 - Estado leído: ON
2026-03-31 12:32:36.463505 - Estado leído: ON
2026-03-31 12:32:41.466687 - Estado leído: ON
2026-03-31 12:32:46.468709 - Estado leído: ON
2026-03-31 12:32:51.470900 - Estado leído: ON
2026-03-31 12:32:56.473544 - Estado leído: ON
2026-03-31 12:33:01.474976 - Estado leído: ON
2026-03-31 12:33:06.476658 - Estado leído: ON
2026-03-31 12:33:11.478241 - Estado leído: ON
2026-03-31 12:33:16.482502 - Estado leído: ON
2026-03-31 12:33:21.485262 - Estado leído: ON
2026-03-31 12:33:26.487808 - Estado leído: ON
2026-03-31 12:33:31.491391 - Estado leído: ON
2026-03-31 12:33:36.493402 - Estado leído: ON
2026-03-31 12:33:41.495655 - Estado cambiado: OFF
2026-03-31 12:33:41.495655 - Estado leído: OFF
2026-03-31 12:33:46.496814 - Estado leído: OFF
2026-03-31 12:33:51.497887 - Estado leído: OFF
2026-03-31 12:33:56.499268 - Estado leído: OFF
2026-03-31 12:34:01.501054 - Estado leído: OFF
2026-03-31 12:34:06.502732 - Estado leído: OFF
2026-03-31 12:34:11.504246 - Estado leído: OFF
2026-03-31 12:34:16.505126 - Estado leído: OFF
2026-03-31 12:34:21.506305 - Estado leído: OFF
2026-03-31 12:34:26.510198 - Estado leído: OFF
2026-03-31 12:34:31.511708 - Estado leído: OFF
2026-03-31 12:34:36.512609 - Estado leído: OFF
2026-03-31 12:34:41.514656 - Estado leído: OFF
2026-03-31 12:34:46.515517 - Estado leído: OFF
2026-03-31 12:34:51.516704 - Estado leído: OFF
2026-03-31 12:34:56.517867 - Estado leído: OFF
2026-03-31 12:35:01.519084 - Estado leído: OFF
2026-03-31 12:35:06.520230 - Estado leído: OFF
2026-03-31 12:35:11.522486 - Estado leído: OFF
2026-03-31 12:35:16.523227 - Estado leído: OFF
2026-03-31 12:35:21.524783 - Estado leído: OFF
2026-03-31 12:35:26.526076 - Estado leído: OFF
2026-03-31 12:35:31.528628 - Estado leído: OFF
2026-03-31 12:35:36.529381 - Estado leído: OFF
2026-03-31 12:35:41.531769 - Estado leído: OFF
2026-03-31 12:35:46.532547 - Estado leído: OFF
2026-03-31 12:35:51.534584 - Estado leído: OFF
2026-03-31 12:35:56.535080 - Estado leído: OFF
2026-03-31 12:36:01.536306 - Estado leído: OFF
2026-03-31 12:36:06.538272 - Estado leído: OFF
2026-03-31 12:36:11.539890 - Estado leído: OFF
2026-03-31 12:36:16.541829 - Estado leído: OFF
2026-03-31 12:36:21.542713 - Estado leído: OFF
2026-03-31 12:36:26.544230 - Estado leído: OFF
2026-03-31 12:36:31.545687 - Estado cambiado: ON
2026-03-31 12:36:31.546700 - Estado leído: ON
2026-03-31 12:36:31.555217 - Encendiendo bot...
2026-03-31 12:36:46.562189 - Estado leído: ON
2026-03-31 12:36:51.565694 - Estado leído: ON
2026-03-31 12:36:56.568042 - Estado leído: ON
2026-03-31 12:37:01.571307 - Estado leído: ON
2026-03-31 12:37:06.575602 - Estado leído: ON
2026-03-31 12:37:11.578199 - Estado leído: ON
2026-03-31 12:37:16.580843 - Estado leído: ON
2026-03-31 12:37:21.583452 - Estado leído: ON
2026-03-31 12:37:26.586572 - Estado leído: ON
2026-03-31 12:37:31.593539 - Estado leído: ON
2026-03-31 12:37:36.596736 - Estado leído: ON
2026-03-31 12:37:41.599217 - Estado leído: ON
2026-03-31 12:37:46.602274 - Estado leído: ON
2026-03-31 12:37:51.605614 - Estado leído: ON
2026-03-31 12:37:56.608080 - Estado leído: ON
2026-03-31 12:38:01.610500 - Estado leído: ON
2026-03-31 12:38:06.614173 - Estado leído: ON
2026-03-31 12:38:11.617795 - Estado leído: ON
2026-03-31 12:38:16.620316 - Estado leído: ON
2026-03-31 12:38:21.623634 - Estado leído: ON
2026-03-31 12:38:26.626980 - Estado leído: ON
2026-03-31 12:38:31.629268 - Estado leído: ON
2026-03-31 12:38:36.632089 - Estado leído: ON
2026-03-31 12:38:41.636287 - Estado leído: ON
2026-03-31 12:38:46.639816 - Estado leído: ON
2026-03-31 12:38:51.641950 - Estado leído: ON
2026-03-31 12:38:56.646052 - Estado leído: ON
2026-03-31 12:39:01.648348 - Estado leído: ON
2026-03-31 12:39:06.651337 - Estado leído: ON
2026-03-31 12:39:11.654325 - Estado leído: ON
2026-03-31 12:39:16.657553 - Estado leído: ON
2026-03-31 12:39:21.660557 - Estado leído: ON
2026-03-31 12:39:26.663735 - Estado leído: ON
2026-03-31 12:39:31.666664 - Estado leído: ON
2026-03-31 12:39:36.669587 - Estado leído: ON
2026-03-31 12:39:41.672059 - Estado leído: ON
2026-03-31 12:39:46.675710 - Estado leído: ON
2026-03-31 12:39:51.678647 - Estado leído: ON
2026-03-31 12:39:56.683092 - Estado leído: ON
2026-03-31 12:40:01.685608 - Estado leído: ON
